<?xml version="1.0" encoding="UTF-8"?>
<!-- Generated by org.testng.reporters.JUnitReportReporter -->
<testsuite hostname="BDC4-D-5S5ZQG2" name="com.acc.selenium_practice.rediff_test" tests="1" failures="0" timestamp="27 Feb 2019 06:54:17 GMT" time="1.127" errors="0">
  <testcase name="alert_check" time="1.127" classname="com.acc.selenium_practice.rediff_test"/>
</testsuite> <!-- com.acc.selenium_practice.rediff_test -->
