<?xml version="1.0" encoding="UTF-8"?>
<!-- Generated by org.testng.reporters.JUnitReportReporter -->
<testsuite hostname="BDC4-D-5S5ZQG2" name="com.acc.selenium_practice.ScreenshotTest" tests="1" failures="0" timestamp="28 Feb 2019 07:09:53 GMT" time="2.174" errors="0">
  <testcase name="legister" time="2.174" classname="com.acc.selenium_practice.ScreenshotTest"/>
</testsuite> <!-- com.acc.selenium_practice.ScreenshotTest -->
