<?xml version="1.0" encoding="UTF-8"?>
<!-- Generated by org.testng.reporters.JUnitReportReporter -->
<testsuite hostname="BDC4-D-5S5ZQG2" name="com.acc.selenium_practice.naukri_test" tests="1" failures="0" timestamp="27 Feb 2019 04:57:06 GMT" time="3.189" errors="0">
  <testcase name="legister" time="3.189" classname="com.acc.selenium_practice.naukri_test"/>
</testsuite> <!-- com.acc.selenium_practice.naukri_test -->
