<?xml version="1.0" encoding="UTF-8"?>
<!-- Generated by org.testng.reporters.JUnitReportReporter -->
<testsuite hostname="BDC4-D-5S5ZQG2" name="com.acc.selenium_practice.NewTest" tests="1" failures="0" timestamp="26 Feb 2019 07:36:38 GMT" time="0.004" errors="0">
  <testcase name="loginTest" time="0.004" classname="com.acc.selenium_practice.NewTest"/>
</testsuite> <!-- com.acc.selenium_practice.NewTest -->
