<?xml version="1.0" encoding="UTF-8"?>
<!-- Generated by org.testng.reporters.JUnitReportReporter -->
<testsuite hostname="BDC4-D-5S5ZQG2" name="com.acc.selenium_practice.excelread" tests="1" failures="0" timestamp="28 Feb 2019 10:45:31 GMT" time="59.529" errors="0">
  <testcase name="legister" time="59.529" classname="com.acc.selenium_practice.excelread"/>
</testsuite> <!-- com.acc.selenium_practice.excelread -->
