<?xml version="1.0" encoding="UTF-8"?>
<!-- Generated by org.testng.reporters.JUnitReportReporter -->
<testsuite hostname="BDC4-D-5S5ZQG2" name="com.acc.selenium_practice.facebook" tests="1" failures="0" timestamp="27 Feb 2019 11:03:09 GMT" time="0.293" errors="0">
  <testcase name="legister" time="0.293" classname="com.acc.selenium_practice.facebook"/>
</testsuite> <!-- com.acc.selenium_practice.facebook -->
